HeloNative/android/app/build/intermediates/manifest_merge_blame_file/debug/processDebugMainManifest/manifest-merger-blame-debug-report.txt
1<?xml version="1.0" encoding="utf-8"?>
2<manifest xmlns:android="http://schemas.android.com/apk/res/android"
3    package="com.helonative"
4    android:versionCode="1"
5    android:versionName="1.0" >
6
7    <uses-sdk
8        android:minSdkVersion="24"
9        android:targetSdkVersion="35" />
10
11    <uses-permission android:name="android.permission.INTERNET" />
11-->src\main\AndroidManifest.xml:3:5-67
11-->src\main\AndroidManifest.xml:3:22-64
12    <!--
13    This manifest file is used only by Gradle to configure debug-only capabilities
14    for React Native Apps.
15    -->
16    <uses-permission android:name="android.permission.SYSTEM_ALERT_WINDOW" />
16-->[com.facebook.react:react-android:0.80.0] AndroidManifest.xml:16:5-78
16-->[com.facebook.react:react-android:0.80.0] AndroidManifest.xml:16:22-75
17
18    <permission
18-->[androidx.core:core:1.13.1] AndroidManifest.xml:22:5-24:47
19        android:name="com.helonative.DYNAMIC_RECEIVER_NOT_EXPORTED_PERMISSION"
19-->[androidx.core:core:1.13.1] AndroidManifest.xml:23:9-81
20        android:protectionLevel="signature" />
20-->[androidx.core:core:1.13.1] AndroidManifest.xml:24:9-44
21
22    <uses-permission android:name="com.helonative.DYNAMIC_RECEIVER_NOT_EXPORTED_PERMISSION" />
22-->[androidx.core:core:1.13.1] AndroidManifest.xml:26:5-97
22-->[androidx.core:core:1.13.1] AndroidManifest.xml:26:22-94
23
24    <application
24-->src\main\AndroidManifest.xml:5:5-25:19
25        android:name="com.helonative.MainApplication"
25-->src\main\AndroidManifest.xml:6:7-38
26        android:allowBackup="false"
26-->src\main\AndroidManifest.xml:10:7-34
27        android:appComponentFactory="androidx.core.app.CoreComponentFactory"
27-->[androidx.core:core:1.13.1] AndroidManifest.xml:28:18-86
28        android:debuggable="true"
29        android:extractNativeLibs="false"
30        android:icon="@mipmap/ic_launcher"
30-->src\main\AndroidManifest.xml:8:7-41
31        android:label="@string/app_name"
31-->src\main\AndroidManifest.xml:7:7-39
32        android:roundIcon="@mipmap/ic_launcher_round"
32-->src\main\AndroidManifest.xml:9:7-52
33        android:supportsRtl="true"
33-->src\main\AndroidManifest.xml:12:7-33
34        android:theme="@style/AppTheme"
34-->src\main\AndroidManifest.xml:11:7-38
35        android:usesCleartextTraffic="true" >
35-->src\debug\AndroidManifest.xml:6:9-44
36        <activity
36-->src\main\AndroidManifest.xml:13:7-24:18
37            android:name="com.helonative.MainActivity"
37-->src\main\AndroidManifest.xml:14:9-37
38            android:configChanges="keyboard|keyboardHidden|orientation|screenLayout|screenSize|smallestScreenSize|uiMode"
38-->src\main\AndroidManifest.xml:16:9-118
39            android:exported="true"
39-->src\main\AndroidManifest.xml:19:9-32
40            android:label="@string/app_name"
40-->src\main\AndroidManifest.xml:15:9-41
41            android:launchMode="singleTask"
41-->src\main\AndroidManifest.xml:17:9-40
42            android:windowSoftInputMode="adjustResize" >
42-->src\main\AndroidManifest.xml:18:9-51
43            <intent-filter>
43-->src\main\AndroidManifest.xml:20:9-23:25
44                <action android:name="android.intent.action.MAIN" />
44-->src\main\AndroidManifest.xml:21:13-65
44-->src\main\AndroidManifest.xml:21:21-62
45
46                <category android:name="android.intent.category.LAUNCHER" />
46-->src\main\AndroidManifest.xml:22:13-73
46-->src\main\AndroidManifest.xml:22:23-70
47            </intent-filter>
48        </activity>
49
50        <provider
50-->[:react-native-webview] AndroidManifest.xml:8:9-16:20
51            android:name="com.reactnativecommunity.webview.RNCWebViewFileProvider"
51-->[:react-native-webview] AndroidManifest.xml:9:13-83
52            android:authorities="com.helonative.fileprovider"
52-->[:react-native-webview] AndroidManifest.xml:10:13-64
53            android:exported="false"
53-->[:react-native-webview] AndroidManifest.xml:11:13-37
54            android:grantUriPermissions="true" >
54-->[:react-native-webview] AndroidManifest.xml:12:13-47
55            <meta-data
55-->[:react-native-webview] AndroidManifest.xml:13:13-15:63
56                android:name="android.support.FILE_PROVIDER_PATHS"
56-->[:react-native-webview] AndroidManifest.xml:14:17-67
57                android:resource="@xml/file_provider_paths" />
57-->[:react-native-webview] AndroidManifest.xml:15:17-60
58        </provider>
59
60        <activity
60-->[com.facebook.react:react-android:0.80.0] AndroidManifest.xml:19:9-21:40
61            android:name="com.facebook.react.devsupport.DevSettingsActivity"
61-->[com.facebook.react:react-android:0.80.0] AndroidManifest.xml:20:13-77
62            android:exported="false" />
62-->[com.facebook.react:react-android:0.80.0] AndroidManifest.xml:21:13-37
63
64        <provider
64-->[androidx.emoji2:emoji2:1.3.0] AndroidManifest.xml:24:9-32:20
65            android:name="androidx.startup.InitializationProvider"
65-->[androidx.emoji2:emoji2:1.3.0] AndroidManifest.xml:25:13-67
66            android:authorities="com.helonative.androidx-startup"
66-->[androidx.emoji2:emoji2:1.3.0] AndroidManifest.xml:26:13-68
67            android:exported="false" >
67-->[androidx.emoji2:emoji2:1.3.0] AndroidManifest.xml:27:13-37
68            <meta-data
68-->[androidx.emoji2:emoji2:1.3.0] AndroidManifest.xml:29:13-31:52
69                android:name="androidx.emoji2.text.EmojiCompatInitializer"
69-->[androidx.emoji2:emoji2:1.3.0] AndroidManifest.xml:30:17-75
70                android:value="androidx.startup" />
70-->[androidx.emoji2:emoji2:1.3.0] AndroidManifest.xml:31:17-49
71            <meta-data
71-->[androidx.lifecycle:lifecycle-process:2.6.2] AndroidManifest.xml:29:13-31:52
72                android:name="androidx.lifecycle.ProcessLifecycleInitializer"
72-->[androidx.lifecycle:lifecycle-process:2.6.2] AndroidManifest.xml:30:17-78
73                android:value="androidx.startup" />
73-->[androidx.lifecycle:lifecycle-process:2.6.2] AndroidManifest.xml:31:17-49
74            <meta-data
74-->[androidx.profileinstaller:profileinstaller:1.3.1] AndroidManifest.xml:29:13-31:52
75                android:name="androidx.profileinstaller.ProfileInstallerInitializer"
75-->[androidx.profileinstaller:profileinstaller:1.3.1] AndroidManifest.xml:30:17-85
76                android:value="androidx.startup" />
76-->[androidx.profileinstaller:profileinstaller:1.3.1] AndroidManifest.xml:31:17-49
77        </provider>
78
79        <receiver
79-->[androidx.profileinstaller:profileinstaller:1.3.1] AndroidManifest.xml:34:9-52:20
80            android:name="androidx.profileinstaller.ProfileInstallReceiver"
80-->[androidx.profileinstaller:profileinstaller:1.3.1] AndroidManifest.xml:35:13-76
81            android:directBootAware="false"
81-->[androidx.profileinstaller:profileinstaller:1.3.1] AndroidManifest.xml:36:13-44
82            android:enabled="true"
82-->[androidx.profileinstaller:profileinstaller:1.3.1] AndroidManifest.xml:37:13-35
83            android:exported="true"
83-->[androidx.profileinstaller:profileinstaller:1.3.1] AndroidManifest.xml:38:13-36
84            android:permission="android.permission.DUMP" >
84-->[androidx.profileinstaller:profileinstaller:1.3.1] AndroidManifest.xml:39:13-57
85            <intent-filter>
85-->[androidx.profileinstaller:profileinstaller:1.3.1] AndroidManifest.xml:40:13-42:29
86                <action android:name="androidx.profileinstaller.action.INSTALL_PROFILE" />
86-->[androidx.profileinstaller:profileinstaller:1.3.1] AndroidManifest.xml:41:17-91
86-->[androidx.profileinstaller:profileinstaller:1.3.1] AndroidManifest.xml:41:25-88
87            </intent-filter>
88            <intent-filter>
88-->[androidx.profileinstaller:profileinstaller:1.3.1] AndroidManifest.xml:43:13-45:29
89                <action android:name="androidx.profileinstaller.action.SKIP_FILE" />
89-->[androidx.profileinstaller:profileinstaller:1.3.1] AndroidManifest.xml:44:17-85
89-->[androidx.profileinstaller:profileinstaller:1.3.1] AndroidManifest.xml:44:25-82
90            </intent-filter>
91            <intent-filter>
91-->[androidx.profileinstaller:profileinstaller:1.3.1] AndroidManifest.xml:46:13-48:29
92                <action android:name="androidx.profileinstaller.action.SAVE_PROFILE" />
92-->[androidx.profileinstaller:profileinstaller:1.3.1] AndroidManifest.xml:47:17-88
92-->[androidx.profileinstaller:profileinstaller:1.3.1] AndroidManifest.xml:47:25-85
93            </intent-filter>
94            <intent-filter>
94-->[androidx.profileinstaller:profileinstaller:1.3.1] AndroidManifest.xml:49:13-51:29
95                <action android:name="androidx.profileinstaller.action.BENCHMARK_OPERATION" />
95-->[androidx.profileinstaller:profileinstaller:1.3.1] AndroidManifest.xml:50:17-95
95-->[androidx.profileinstaller:profileinstaller:1.3.1] AndroidManifest.xml:50:25-92
96            </intent-filter>
97        </receiver>
98
99        <meta-data
99-->[com.facebook.soloader:soloader:0.12.1] AndroidManifest.xml:12:9-14:37
100            android:name="com.facebook.soloader.enabled"
100-->[com.facebook.soloader:soloader:0.12.1] AndroidManifest.xml:13:13-57
101            android:value="false" />
101-->[com.facebook.soloader:soloader:0.12.1] AndroidManifest.xml:14:13-34
102    </application>
103
104</manifest>